Using pre-set license
Built from '2022.3/release' branch; Version is '2022.3.5f1 (9674261d40ee) revision 9860134'; Using compiler version '192829333'; Build Type 'Release'
OS: 'Windows 10  (10.0.19045) 64bit Professional' Language: 'ko' Physical Memory: 16319 MB
BatchMode: 1, IsHumanControllingUs: 0, StartBugReporterOnCrash: 0, Is64bit: 1, IsPro: 1

COMMAND LINE ARGUMENTS:
C:\Program Files\Unity\Hub\Editor\2022.3.5f1\Editor\Unity.exe
-adb2
-batchMode
-noUpm
-name
AssetImportWorker0
-projectPath
C:/Users/llll/Desktop/project/Mobile-Idle-Game/Idle Game
-logFile
Logs/AssetImportWorker0.log
-srvPort
49902
Successfully changed project path to: C:/Users/llll/Desktop/project/Mobile-Idle-Game/Idle Game
C:/Users/llll/Desktop/project/Mobile-Idle-Game/Idle Game
[UnityMemory] Configuration Parameters - Can be set up in boot.config
    "memorysetup-bucket-allocator-granularity=16"
    "memorysetup-bucket-allocator-bucket-count=8"
    "memorysetup-bucket-allocator-block-size=33554432"
    "memorysetup-bucket-allocator-block-count=8"
    "memorysetup-main-allocator-block-size=16777216"
    "memorysetup-thread-allocator-block-size=16777216"
    "memorysetup-gfx-main-allocator-block-size=16777216"
    "memorysetup-gfx-thread-allocator-block-size=16777216"
    "memorysetup-cache-allocator-block-size=4194304"
    "memorysetup-typetree-allocator-block-size=2097152"
    "memorysetup-profiler-bucket-allocator-granularity=16"
    "memorysetup-profiler-bucket-allocator-bucket-count=8"
    "memorysetup-profiler-bucket-allocator-block-size=33554432"
    "memorysetup-profiler-bucket-allocator-block-count=8"
    "memorysetup-profiler-allocator-block-size=16777216"
    "memorysetup-profiler-editor-allocator-block-size=1048576"
    "memorysetup-temp-allocator-size-main=16777216"
    "memorysetup-job-temp-allocator-block-size=2097152"
    "memorysetup-job-temp-allocator-block-size-background=1048576"
    "memorysetup-job-temp-allocator-reduction-small-platforms=262144"
    "memorysetup-allocator-temp-initial-block-size-main=262144"
    "memorysetup-allocator-temp-initial-block-size-worker=262144"
    "memorysetup-temp-allocator-size-background-worker=32768"
    "memorysetup-temp-allocator-size-job-worker=262144"
    "memorysetup-temp-allocator-size-preload-manager=33554432"
    "memorysetup-temp-allocator-size-nav-mesh-worker=65536"
    "memorysetup-temp-allocator-size-audio-worker=65536"
    "memorysetup-temp-allocator-size-cloud-worker=32768"
    "memorysetup-temp-allocator-size-gi-baking-worker=262144"
    "memorysetup-temp-allocator-size-gfx=262144"
Player connection [6000] Host "[IP] 14.45.135.12 [Port] 0 [Flags] 2 [Guid] 1212277367 [EditorId] 1212277367 [Version] 1048832 [Id] WindowsEditor(7,DESKTOP-4RACNH6) [Debug] 1 [PackageName] WindowsEditor [ProjectName] Editor" joined multi-casting on [225.0.0.222:54997]...

Player connection [6000] Host "[IP] 14.45.135.12 [Port] 0 [Flags] 2 [Guid] 1212277367 [EditorId] 1212277367 [Version] 1048832 [Id] WindowsEditor(7,DESKTOP-4RACNH6) [Debug] 1 [PackageName] WindowsEditor [ProjectName] Editor" joined alternative multi-casting on [225.0.0.222:34997]...

Refreshing native plugins compatible for Editor in 232.28 ms, found 4 plugins.
Preloading 0 native plugins for Editor in 0.00 ms.
Initialize engine version: 2022.3.5f1 (9674261d40ee)
[Subsystems] Discovering subsystems at path C:/Program Files/Unity/Hub/Editor/2022.3.5f1/Editor/Data/Resources/UnitySubsystems
[Subsystems] Discovering subsystems at path C:/Users/llll/Desktop/project/Mobile-Idle-Game/Idle Game/Assets
GfxDevice: creating device client; threaded=0; jobified=0
Direct3D:
    Version:  Direct3D 11.0 [level 11.1]
    Renderer: NVIDIA GeForce GTX 1660 (ID=0x2184)
    Vendor:   NVIDIA
    VRAM:     5980 MB
    Driver:   31.0.15.3623
Initialize mono
Mono path[0] = 'C:/Program Files/Unity/Hub/Editor/2022.3.5f1/Editor/Data/Managed'
Mono path[1] = 'C:/Program Files/Unity/Hub/Editor/2022.3.5f1/Editor/Data/MonoBleedingEdge/lib/mono/unityjit-win32'
Mono config path = 'C:/Program Files/Unity/Hub/Editor/2022.3.5f1/Editor/Data/MonoBleedingEdge/etc'
Using monoOptions --debugger-agent=transport=dt_socket,embedding=1,server=y,suspend=n,address=127.0.0.1:56156
Begin MonoManager ReloadAssembly
Registering precompiled unity dll's ...
Register platform support module: C:/Program Files/Unity/Hub/Editor/2022.3.5f1/Editor/Data/PlaybackEngines/AndroidPlayer/UnityEditor.Android.Extensions.dll
Register platform support module: C:/Program Files/Unity/Hub/Editor/2022.3.5f1/Editor/Data/PlaybackEngines/WindowsStandaloneSupport/UnityEditor.WindowsStandalone.Extensions.dll
Registered in 0.021283 seconds.
- Loaded All Assemblies, in  0.673 seconds
Native extension for WindowsStandalone target not found
Native extension for Android target not found
Android Extension - Scanning For ADB Devices 576 ms
Mono: successfully reloaded assembly
- Finished resetting the current domain, in  1.057 seconds
Domain Reload Profiling: 1727ms
	BeginReloadAssembly (207ms)
		ExecutionOrderSort (0ms)
		DisableScriptedObjects (0ms)
		BackupInstance (0ms)
		ReleaseScriptingObjects (0ms)
		CreateAndSetChildDomain (2ms)
	RebuildCommonClasses (81ms)
	RebuildNativeTypeToScriptingClass (19ms)
	initialDomainReloadingComplete (119ms)
	LoadAllAssembliesAndSetupDomain (244ms)
		LoadAssemblies (203ms)
		RebuildTransferFunctionScriptingTraits (0ms)
		AnalyzeDomain (230ms)
			TypeCache.Refresh (229ms)
				TypeCache.ScanAssembly (207ms)
			ScanForSourceGeneratedMonoScriptInfo (0ms)
			ResolveRequiredComponents (1ms)
	FinalizeReload (1057ms)
		ReleaseScriptCaches (0ms)
		RebuildScriptCaches (0ms)
		SetupLoadedEditorAssemblies (973ms)
			LogAssemblyErrors (0ms)
			InitializePlatformSupportModulesInManaged (736ms)
			SetLoadedEditorAssemblies (7ms)
			RefreshPlugins (0ms)
			BeforeProcessingInitializeOnLoad (4ms)
			ProcessInitializeOnLoadAttributes (145ms)
			ProcessInitializeOnLoadMethodAttributes (80ms)
			AfterProcessingInitializeOnLoad (0ms)
			EditorAssembliesLoaded (0ms)
		ExecutionOrderSort2 (0ms)
		AwakeInstancesAfterBackupRestoration (0ms)
========================================================================
Worker process is ready to serve import requests
Begin MonoManager ReloadAssembly
Symbol file LoadedFromMemory doesn't match image C:\Users\llll\Desktop\project\Mobile-Idle-Game\Idle Game\Library\PackageCache\com.unity.visualscripting@1.8.0\Editor\VisualScripting.Core\Dependencies\YamlDotNet\Unity.VisualScripting.YamlDotNet.dll
Symbol file LoadedFromMemory doesn't match image C:\Users\llll\Desktop\project\Mobile-Idle-Game\Idle Game\Library\PackageCache\com.unity.visualscripting@1.8.0\Editor\VisualScripting.Core\Dependencies\DotNetZip\Unity.VisualScripting.IonicZip.dll
- Loaded All Assemblies, in  1.176 seconds
Refreshing native plugins compatible for Editor in 10.36 ms, found 4 plugins.
Native extension for WindowsStandalone target not found
Native extension for Android target not found
Mono: successfully reloaded assembly
- Finished resetting the current domain, in  0.949 seconds
Domain Reload Profiling: 2119ms
	BeginReloadAssembly (201ms)
		ExecutionOrderSort (0ms)
		DisableScriptedObjects (7ms)
		BackupInstance (0ms)
		ReleaseScriptingObjects (0ms)
		CreateAndSetChildDomain (27ms)
	RebuildCommonClasses (80ms)
	RebuildNativeTypeToScriptingClass (25ms)
	initialDomainReloadingComplete (80ms)
	LoadAllAssembliesAndSetupDomain (784ms)
		LoadAssemblies (441ms)
		RebuildTransferFunctionScriptingTraits (0ms)
		AnalyzeDomain (443ms)
			TypeCache.Refresh (396ms)
				TypeCache.ScanAssembly (372ms)
			ScanForSourceGeneratedMonoScriptInfo (35ms)
			ResolveRequiredComponents (12ms)
	FinalizeReload (950ms)
		ReleaseScriptCaches (0ms)
		RebuildScriptCaches (0ms)
		SetupLoadedEditorAssemblies (696ms)
			LogAssemblyErrors (0ms)
			InitializePlatformSupportModulesInManaged (44ms)
			SetLoadedEditorAssemblies (5ms)
			RefreshPlugins (0ms)
			BeforeProcessingInitializeOnLoad (127ms)
			ProcessInitializeOnLoadAttributes (450ms)
			ProcessInitializeOnLoadMethodAttributes (53ms)
			AfterProcessingInitializeOnLoad (16ms)
			EditorAssembliesLoaded (0ms)
		ExecutionOrderSort2 (0ms)
		AwakeInstancesAfterBackupRestoration (22ms)
Launched and connected shader compiler UnityShaderCompiler.exe after 0.08 seconds
Refreshing native plugins compatible for Editor in 7.31 ms, found 4 plugins.
Preloading 0 native plugins for Editor in 0.00 ms.
Unloading 4050 Unused Serialized files (Serialized files now loaded: 0)
Unloading 69 unused Assets / (245.1 KB). Loaded Objects now: 4516.
Memory consumption went from 154.6 MB to 154.3 MB.
Total: 3.451000 ms (FindLiveObjects: 0.321200 ms CreateObjectMapping: 0.314100 ms MarkObjects: 2.609600 ms  DeleteObjects: 0.205100 ms)

AssetImportParameters requested are different than current active one (requested -> active):
  custom:container-demuxer-ogg: 62fdf1f143b41e24485cea50d1cbac27 -> 
  custom:video-decoder-ogg-theora: a1e56fd34408186e4bbccfd4996cb3dc -> 
  custom:framework-win-MediaFoundation: 216162199b28c13a410421893ffa2e32 -> 
  custom:CustomObjectIndexerAttribute: 756ad292c208cfabdd7b50bc23989ffe -> 
  custom:container-demuxer-webm: 4f35f7cbe854078d1ac9338744f61a02 -> 
  custom:container-muxer-webm: aa71ff27fc2769a1b78a27578f13a17b -> 
  custom:video-decoder-webm-vp8: 9c59270c3fd7afecdb556c50c9e8de78 -> 
  custom:AudioImporter_EditorPlatform: d09bf68614088b80899f8185d706f6e7 -> 
  custom:video-encoder-webm-vp8: eb34c28f22e8b96e1ab97ce403110664 -> 
  custom:audio-decoder-ogg-vorbis: bf7c407c2cedff20999df2af8eb42d56 -> 
  custom:audio-encoder-webm-vorbis: bf7c407c2cedff20999df2af8eb42d56 -> 
========================================================================
Received Import Request.
  Time since last request: 456.245422 seconds.
  path: Assets/Prefabs/Item/Weapon/Nomal.prefab
  artifactKey: Guid(9e2f7c47e0d13554491f09c1c2ec4e5b) Importer(815301076,1909f56bfc062723c751e8b465ee728b)
Start importing Assets/Prefabs/Item/Weapon/Nomal.prefab using Guid(9e2f7c47e0d13554491f09c1c2ec4e5b) Importer(815301076,1909f56bfc062723c751e8b465ee728b)  -> (artifact id: '69bf31ddbb01579c86bec6635ebd7fbf') in 0.609190 seconds
Number of updated asset objects reloaded before import = 0
Number of asset objects unloaded after import = 186
========================================================================
Received Import Request.
  Time since last request: 120.904560 seconds.
  path: Assets/Prefabs/Item/Weapon/Nomal.prefab
  artifactKey: Guid(9e2f7c47e0d13554491f09c1c2ec4e5b) Importer(815301076,1909f56bfc062723c751e8b465ee728b)
Start importing Assets/Prefabs/Item/Weapon/Nomal.prefab using Guid(9e2f7c47e0d13554491f09c1c2ec4e5b) Importer(815301076,1909f56bfc062723c751e8b465ee728b)  -> (artifact id: '95f2f8c743654ad08ab7bf4f87f76813') in 0.092936 seconds
Number of updated asset objects reloaded before import = 0
Number of asset objects unloaded after import = 186
========================================================================
Received Import Request.
  Time since last request: 94.721138 seconds.
  path: Assets/Prefabs/Item/Weapon/Nomal.prefab
  artifactKey: Guid(9e2f7c47e0d13554491f09c1c2ec4e5b) Importer(815301076,1909f56bfc062723c751e8b465ee728b)
Start importing Assets/Prefabs/Item/Weapon/Nomal.prefab using Guid(9e2f7c47e0d13554491f09c1c2ec4e5b) Importer(815301076,1909f56bfc062723c751e8b465ee728b)  -> (artifact id: '4c8acb8bf266a6e6d6d3f13415e9e39c') in 0.093019 seconds
Number of updated asset objects reloaded before import = 0
Number of asset objects unloaded after import = 186
========================================================================
Received Import Request.
  Time since last request: 30.000446 seconds.
  path: Assets/Prefabs/Item/Weapon/Nomal.prefab
  artifactKey: Guid(9e2f7c47e0d13554491f09c1c2ec4e5b) Importer(815301076,1909f56bfc062723c751e8b465ee728b)
Start importing Assets/Prefabs/Item/Weapon/Nomal.prefab using Guid(9e2f7c47e0d13554491f09c1c2ec4e5b) Importer(815301076,1909f56bfc062723c751e8b465ee728b)  -> (artifact id: '7a6aea74d82d21caa197caaca5402813') in 0.089875 seconds
Number of updated asset objects reloaded before import = 0
Number of asset objects unloaded after import = 186
========================================================================
Received Import Request.
  Time since last request: 196.515834 seconds.
  path: Assets/Prefabs/Item/Weapon/Nomal.prefab
  artifactKey: Guid(9e2f7c47e0d13554491f09c1c2ec4e5b) Importer(815301076,1909f56bfc062723c751e8b465ee728b)
Start importing Assets/Prefabs/Item/Weapon/Nomal.prefab using Guid(9e2f7c47e0d13554491f09c1c2ec4e5b) Importer(815301076,1909f56bfc062723c751e8b465ee728b)  -> (artifact id: '0f945fe787ad58b1445a9c0f83927365') in 0.103229 seconds
Number of updated asset objects reloaded before import = 0
Number of asset objects unloaded after import = 185
========================================================================
Received Import Request.
  Time since last request: 56.602621 seconds.
  path: Assets/Prefabs/Item/Weapon/Nomal.prefab
  artifactKey: Guid(9e2f7c47e0d13554491f09c1c2ec4e5b) Importer(815301076,1909f56bfc062723c751e8b465ee728b)
Start importing Assets/Prefabs/Item/Weapon/Nomal.prefab using Guid(9e2f7c47e0d13554491f09c1c2ec4e5b) Importer(815301076,1909f56bfc062723c751e8b465ee728b)  -> (artifact id: '61d31d80ff7bf0e16615926f7a2edf3f') in 0.095403 seconds
Number of updated asset objects reloaded before import = 0
Number of asset objects unloaded after import = 185
========================================================================
Received Import Request.
  Time since last request: 391.925640 seconds.
  path: Assets/OpenAssets/Item/Icons/Armor/BanditLightArmor [Paint] 1.png
  artifactKey: Guid(f42f5a98f8112404b9440c1761f7b6b6) Importer(815301076,1909f56bfc062723c751e8b465ee728b)
Start importing Assets/OpenAssets/Item/Icons/Armor/BanditLightArmor [Paint] 1.png using Guid(f42f5a98f8112404b9440c1761f7b6b6) Importer(815301076,1909f56bfc062723c751e8b465ee728b)  -> (artifact id: 'd2a043a19cc04250330bf674bc2f3bf9') in 0.051527 seconds
Number of updated asset objects reloaded before import = 0
Number of asset objects unloaded after import = 3
========================================================================
Received Import Request.
  Time since last request: 0.000150 seconds.
  path: Assets/OpenAssets/Item/Icons/Armor/Scout [Paint] 1.png
  artifactKey: Guid(dc6d9ef270c7b6c43b027af12ae1052b) Importer(815301076,1909f56bfc062723c751e8b465ee728b)
Start importing Assets/OpenAssets/Item/Icons/Armor/Scout [Paint] 1.png using Guid(dc6d9ef270c7b6c43b027af12ae1052b) Importer(815301076,1909f56bfc062723c751e8b465ee728b)  -> (artifact id: 'b3b9cc28e1f15a86134e337ba9a4da56') in 0.032587 seconds
Number of updated asset objects reloaded before import = 0
Number of asset objects unloaded after import = 3
========================================================================
Received Import Request.
  Time since last request: 0.000020 seconds.
  path: Assets/OpenAssets/Item/Icons/Armor/GreyKnight 1.png
  artifactKey: Guid(b5199bd56ec2c5549a24ea2e3fc440db) Importer(815301076,1909f56bfc062723c751e8b465ee728b)
Start importing Assets/OpenAssets/Item/Icons/Armor/GreyKnight 1.png using Guid(b5199bd56ec2c5549a24ea2e3fc440db) Importer(815301076,1909f56bfc062723c751e8b465ee728b)  -> (artifact id: '8a2ff42fd017e91d4c736d445ef8ff49') in 0.033265 seconds
Number of updated asset objects reloaded before import = 0
Number of asset objects unloaded after import = 3
========================================================================
Received Import Request.
  Time since last request: 0.000022 seconds.
  path: Assets/OpenAssets/Item/Icons/Armor/BattleguardArmor 1.png
  artifactKey: Guid(14094535847ef124f82583958dc1b280) Importer(815301076,1909f56bfc062723c751e8b465ee728b)
Start importing Assets/OpenAssets/Item/Icons/Armor/BattleguardArmor 1.png using Guid(14094535847ef124f82583958dc1b280) Importer(815301076,1909f56bfc062723c751e8b465ee728b)  -> (artifact id: 'afe1854b67759f70fc076ab0ed541821') in 0.036264 seconds
Number of updated asset objects reloaded before import = 0
Number of asset objects unloaded after import = 3
========================================================================
Received Import Request.
  Time since last request: 0.000018 seconds.
  path: Assets/OpenAssets/Item/Icons/Armor/RoyalTunic 1.png
  artifactKey: Guid(20131090e0aa0fe4bb3055e21a041f4e) Importer(815301076,1909f56bfc062723c751e8b465ee728b)
Start importing Assets/OpenAssets/Item/Icons/Armor/RoyalTunic 1.png using Guid(20131090e0aa0fe4bb3055e21a041f4e) Importer(815301076,1909f56bfc062723c751e8b465ee728b)  -> (artifact id: 'b9ed0a2270900850e638ff8e8287336d') in 0.031387 seconds
Number of updated asset objects reloaded before import = 0
Number of asset objects unloaded after import = 3
========================================================================
Received Import Request.
  Time since last request: 17.069677 seconds.
  path: Assets/OpenAssets/Item/Icons/MeleeWeapon1H/BalancedSword [Paint] 1.png
  artifactKey: Guid(2758a810924602d458bd3e90866960a8) Importer(815301076,1909f56bfc062723c751e8b465ee728b)
Start importing Assets/OpenAssets/Item/Icons/MeleeWeapon1H/BalancedSword [Paint] 1.png using Guid(2758a810924602d458bd3e90866960a8) Importer(815301076,1909f56bfc062723c751e8b465ee728b)  -> (artifact id: 'e04a62c99f9ccc82bdf110bf61f0c820') in 0.027892 seconds
Number of updated asset objects reloaded before import = 0
Number of asset objects unloaded after import = 3
========================================================================
Received Import Request.
  Time since last request: 0.000014 seconds.
  path: Assets/OpenAssets/Item/Icons/MeleeWeapon1H/FreeFolkAxe 1.png
  artifactKey: Guid(1c9996479d22be8458c9abfe1a9e2ef4) Importer(815301076,1909f56bfc062723c751e8b465ee728b)
Start importing Assets/OpenAssets/Item/Icons/MeleeWeapon1H/FreeFolkAxe 1.png using Guid(1c9996479d22be8458c9abfe1a9e2ef4) Importer(815301076,1909f56bfc062723c751e8b465ee728b)  -> (artifact id: '8affc623e07e92d0818f19201a280e15') in 0.030140 seconds
Number of updated asset objects reloaded before import = 0
Number of asset objects unloaded after import = 3
========================================================================
Received Import Request.
  Time since last request: 0.000020 seconds.
  path: Assets/OpenAssets/Item/Icons/MeleeWeapon1H/HunterKnife [Paint] 1.png
  artifactKey: Guid(dfe19e1ca05ebb74382ec3715fb0ca21) Importer(815301076,1909f56bfc062723c751e8b465ee728b)
Start importing Assets/OpenAssets/Item/Icons/MeleeWeapon1H/HunterKnife [Paint] 1.png using Guid(dfe19e1ca05ebb74382ec3715fb0ca21) Importer(815301076,1909f56bfc062723c751e8b465ee728b)  -> (artifact id: 'c944dda25bf5bcc8b66f239b9afc4998') in 0.029139 seconds
Number of updated asset objects reloaded before import = 0
Number of asset objects unloaded after import = 3
========================================================================
Received Import Request.
  Time since last request: 12.487963 seconds.
  path: Assets/OpenAssets/Item/Icons/MeleeWeapon2H/AriostinGreatsword 1.png
  artifactKey: Guid(be9a94c3a477ac14e823ef63e94f3309) Importer(815301076,1909f56bfc062723c751e8b465ee728b)
Start importing Assets/OpenAssets/Item/Icons/MeleeWeapon2H/AriostinGreatsword 1.png using Guid(be9a94c3a477ac14e823ef63e94f3309) Importer(815301076,1909f56bfc062723c751e8b465ee728b)  -> (artifact id: 'dc2df866086d56aaa603a667923b4533') in 0.026958 seconds
Number of updated asset objects reloaded before import = 0
Number of asset objects unloaded after import = 3
========================================================================
Received Import Request.
  Time since last request: 0.000016 seconds.
  path: Assets/OpenAssets/Item/Icons/MeleeWeapon2H/BerserkAxe 1.png
  artifactKey: Guid(73a93d2b3de1050419c3408059b75c21) Importer(815301076,1909f56bfc062723c751e8b465ee728b)
Start importing Assets/OpenAssets/Item/Icons/MeleeWeapon2H/BerserkAxe 1.png using Guid(73a93d2b3de1050419c3408059b75c21) Importer(815301076,1909f56bfc062723c751e8b465ee728b)  -> (artifact id: '7dcd7719cc24f43a0e7b11f43ca32093') in 0.046099 seconds
Number of updated asset objects reloaded before import = 0
Number of asset objects unloaded after import = 3
========================================================================
Received Import Request.
  Time since last request: 12.032994 seconds.
  path: Assets/OpenAssets/Item/Icons/Other/Ring/BronzeRing 1.png
  artifactKey: Guid(d8a5a3d7b1e3e0e42bd123470a595b8f) Importer(815301076,1909f56bfc062723c751e8b465ee728b)
Start importing Assets/OpenAssets/Item/Icons/Other/Ring/BronzeRing 1.png using Guid(d8a5a3d7b1e3e0e42bd123470a595b8f) Importer(815301076,1909f56bfc062723c751e8b465ee728b)  -> (artifact id: 'cd79a62f73e8d74e488672978fe3bf16') in 0.027814 seconds
Number of updated asset objects reloaded before import = 0
Number of asset objects unloaded after import = 3
========================================================================
Received Import Request.
  Time since last request: 0.000017 seconds.
  path: Assets/OpenAssets/Item/Icons/Other/Ring/MagicGoldenRing 1.png
  artifactKey: Guid(60155a3139ba1d44fae48ac829906db8) Importer(815301076,1909f56bfc062723c751e8b465ee728b)
Start importing Assets/OpenAssets/Item/Icons/Other/Ring/MagicGoldenRing 1.png using Guid(60155a3139ba1d44fae48ac829906db8) Importer(815301076,1909f56bfc062723c751e8b465ee728b)  -> (artifact id: '6514d2abcac725e71403b017a06da5ab') in 0.029518 seconds
Number of updated asset objects reloaded before import = 0
Number of asset objects unloaded after import = 3
========================================================================
Received Import Request.
  Time since last request: 0.000015 seconds.
  path: Assets/OpenAssets/Item/Icons/Other/Ring/MagicSilverRing 1.png
  artifactKey: Guid(bb4791de5b8ce724b8612f236470b4a7) Importer(815301076,1909f56bfc062723c751e8b465ee728b)
Start importing Assets/OpenAssets/Item/Icons/Other/Ring/MagicSilverRing 1.png using Guid(bb4791de5b8ce724b8612f236470b4a7) Importer(815301076,1909f56bfc062723c751e8b465ee728b)  -> (artifact id: 'd47f85b3961e38b7f6e973eeb8fd6a51') in 0.028669 seconds
Number of updated asset objects reloaded before import = 0
Number of asset objects unloaded after import = 3
========================================================================
Received Import Request.
  Time since last request: 0.000015 seconds.
  path: Assets/OpenAssets/Item/Icons/Other/Ring/GoldenRing 1.png
  artifactKey: Guid(4749aa1a796269142ac693ed59fe1160) Importer(815301076,1909f56bfc062723c751e8b465ee728b)
Start importing Assets/OpenAssets/Item/Icons/Other/Ring/GoldenRing 1.png using Guid(4749aa1a796269142ac693ed59fe1160) Importer(815301076,1909f56bfc062723c751e8b465ee728b)  -> (artifact id: '908a777b0baef15e74d80a0548c0629d') in 0.028207 seconds
Number of updated asset objects reloaded before import = 0
Number of asset objects unloaded after import = 3
========================================================================
Received Import Request.
  Time since last request: 0.000015 seconds.
  path: Assets/OpenAssets/Item/Icons/Other/Ring/MagicBronzeRing 1.png
  artifactKey: Guid(e0f2e4e029c67ca4d8b377d04ea301bd) Importer(815301076,1909f56bfc062723c751e8b465ee728b)
Start importing Assets/OpenAssets/Item/Icons/Other/Ring/MagicBronzeRing 1.png using Guid(e0f2e4e029c67ca4d8b377d04ea301bd) Importer(815301076,1909f56bfc062723c751e8b465ee728b)  -> (artifact id: 'b49bca853cb2f02a360146ae53d0f065') in 0.038850 seconds
Number of updated asset objects reloaded before import = 0
Number of asset objects unloaded after import = 3
========================================================================
Received Import Request.
  Time since last request: 11.151650 seconds.
  path: Assets/OpenAssets/UI/GUI/mobile_cartoon_GUI/GUI Elements/Icons/item_slot 1.png
  artifactKey: Guid(9f69d30f67067b9439029ddf4e9e1cf0) Importer(815301076,1909f56bfc062723c751e8b465ee728b)
Start importing Assets/OpenAssets/UI/GUI/mobile_cartoon_GUI/GUI Elements/Icons/item_slot 1.png using Guid(9f69d30f67067b9439029ddf4e9e1cf0) Importer(815301076,1909f56bfc062723c751e8b465ee728b)  -> (artifact id: '39759b48ed6e0c2e9208f5209d93f300') in 0.024956 seconds
Number of updated asset objects reloaded before import = 0
Number of asset objects unloaded after import = 3
========================================================================
Received Import Request.
  Time since last request: 0.000014 seconds.
  path: Assets/OpenAssets/UI/GUI/mobile_cartoon_GUI/GUI Elements/Icons/item_slot_hover 1.png
  artifactKey: Guid(cfbb723f63f72c74cbba9487d789e417) Importer(815301076,1909f56bfc062723c751e8b465ee728b)
Start importing Assets/OpenAssets/UI/GUI/mobile_cartoon_GUI/GUI Elements/Icons/item_slot_hover 1.png using Guid(cfbb723f63f72c74cbba9487d789e417) Importer(815301076,1909f56bfc062723c751e8b465ee728b)  -> (artifact id: 'ed233644eaed9dfc7d172b442cc16e4f') in 0.033987 seconds
Number of updated asset objects reloaded before import = 0
Number of asset objects unloaded after import = 3
========================================================================
Received Import Request.
  Time since last request: 48.207029 seconds.
  path: Assets/OpenAssets/UI/GUI/mobile_cartoon_GUI/GUI Elements/Icons/item_slot_hover 1.png
  artifactKey: Guid(ed86b1b6dca568544b263705f0ce6963) Importer(815301076,1909f56bfc062723c751e8b465ee728b)
Start importing Assets/OpenAssets/UI/GUI/mobile_cartoon_GUI/GUI Elements/Icons/item_slot_hover 1.png using Guid(ed86b1b6dca568544b263705f0ce6963) Importer(815301076,1909f56bfc062723c751e8b465ee728b)  -> (artifact id: 'c155388aa60af76cb55b25b0cded1dbf') in 0.020638 seconds
Number of updated asset objects reloaded before import = 0
Number of asset objects unloaded after import = 3
========================================================================
Received Import Request.
  Time since last request: 1186.043338 seconds.
  path: Assets/Prefabs/Item/Weapon/Image.prefab
  artifactKey: Guid(0c9f209bb5ebff34f846ab8fdaf0f780) Importer(815301076,1909f56bfc062723c751e8b465ee728b)
Start importing Assets/Prefabs/Item/Weapon/Image.prefab using Guid(0c9f209bb5ebff34f846ab8fdaf0f780) Importer(815301076,1909f56bfc062723c751e8b465ee728b)  -> (artifact id: 'c67fb272e7932d2d31d0cb383a780e6e') in 0.007192 seconds
Number of updated asset objects reloaded before import = 0
Number of asset objects unloaded after import = 6
========================================================================
Received Import Request.
  Time since last request: 29.516730 seconds.
  path: Assets/Prefabs/Item/Weapon/Nomal.prefab
  artifactKey: Guid(9e2f7c47e0d13554491f09c1c2ec4e5b) Importer(815301076,1909f56bfc062723c751e8b465ee728b)
Start importing Assets/Prefabs/Item/Weapon/Nomal.prefab using Guid(9e2f7c47e0d13554491f09c1c2ec4e5b) Importer(815301076,1909f56bfc062723c751e8b465ee728b)  -> (artifact id: '2d6c9af6876a5b989ffd8b4e86159f6b') in 0.125226 seconds
Number of updated asset objects reloaded before import = 0
Number of asset objects unloaded after import = 186
========================================================================
Received Import Request.
  Time since last request: 11.440514 seconds.
  path: Assets/Prefabs/Item/Weapon/Nomal.prefab
  artifactKey: Guid(9e2f7c47e0d13554491f09c1c2ec4e5b) Importer(815301076,1909f56bfc062723c751e8b465ee728b)
Start importing Assets/Prefabs/Item/Weapon/Nomal.prefab using Guid(9e2f7c47e0d13554491f09c1c2ec4e5b) Importer(815301076,1909f56bfc062723c751e8b465ee728b)  -> (artifact id: 'a4e55d79602c84da79f4a724d184e48f') in 0.107254 seconds
Number of updated asset objects reloaded before import = 0
Number of asset objects unloaded after import = 186
========================================================================
Received Import Request.
  Time since last request: 11.223114 seconds.
  path: Assets/Prefabs/Item/Weapon/Image.prefab
  artifactKey: Guid(0c9f209bb5ebff34f846ab8fdaf0f780) Importer(815301076,1909f56bfc062723c751e8b465ee728b)
Start importing Assets/Prefabs/Item/Weapon/Image.prefab using Guid(0c9f209bb5ebff34f846ab8fdaf0f780) Importer(815301076,1909f56bfc062723c751e8b465ee728b)  -> (artifact id: '3d4ac4c117fb1df63585cb5de2614748') in 0.002293 seconds
Number of updated asset objects reloaded before import = 0
Number of asset objects unloaded after import = 6
========================================================================
Received Import Request.
  Time since last request: 42.553939 seconds.
  path: Assets/Prefabs/Item/Weapon/Nomal.prefab
  artifactKey: Guid(9e2f7c47e0d13554491f09c1c2ec4e5b) Importer(815301076,1909f56bfc062723c751e8b465ee728b)
Start importing Assets/Prefabs/Item/Weapon/Nomal.prefab using Guid(9e2f7c47e0d13554491f09c1c2ec4e5b) Importer(815301076,1909f56bfc062723c751e8b465ee728b)  -> (artifact id: '451f0653b4617ff7cec4ccfbe16847f7') in 0.097466 seconds
Number of updated asset objects reloaded before import = 0
Number of asset objects unloaded after import = 187
========================================================================
Received Import Request.
  Time since last request: 194.462074 seconds.
  path: Assets/Prefabs/Item/Weapon/sad.JPG
  artifactKey: Guid(65823378807005742a137ddbadebc965) Importer(815301076,1909f56bfc062723c751e8b465ee728b)
Start importing Assets/Prefabs/Item/Weapon/sad.JPG using Guid(65823378807005742a137ddbadebc965) Importer(815301076,1909f56bfc062723c751e8b465ee728b)  -> (artifact id: '67ea01215f3273e0faeaba8f48960e92') in 0.043999 seconds
Number of updated asset objects reloaded before import = 0
Number of asset objects unloaded after import = 3
========================================================================
Received Import Request.
  Time since last request: 47.677067 seconds.
  path: Assets/Image.prefab
  artifactKey: Guid(d3b0844eb3ea7d748a545b33a7db6788) Importer(815301076,1909f56bfc062723c751e8b465ee728b)
Start importing Assets/Image.prefab using Guid(d3b0844eb3ea7d748a545b33a7db6788) Importer(815301076,1909f56bfc062723c751e8b465ee728b)  -> (artifact id: '86341450531fcd3cd10ac9b299e3b665') in 0.002969 seconds
Number of updated asset objects reloaded before import = 0
Number of asset objects unloaded after import = 7
========================================================================
Received Import Request.
  Time since last request: 133.583742 seconds.
  path: Assets/Prefabs/Item/RIng/9-Sliced (1).prefab
  artifactKey: Guid(9d67869007fa90b4db39e175e749f89b) Importer(815301076,1909f56bfc062723c751e8b465ee728b)
Start importing Assets/Prefabs/Item/RIng/9-Sliced (1).prefab using Guid(9d67869007fa90b4db39e175e749f89b) Importer(815301076,1909f56bfc062723c751e8b465ee728b)  -> (artifact id: 'd36373fb654b2fe9b92663a8072ad014') in 0.103125 seconds
Number of updated asset objects reloaded before import = 0
Number of asset objects unloaded after import = 183
========================================================================
Received Import Request.
  Time since last request: 233.076655 seconds.
  path: Assets/Prefabs/Item/Weapon/Epic.prefab
  artifactKey: Guid(ac27e25cfe5160b4d8e2010d4b96167e) Importer(815301076,1909f56bfc062723c751e8b465ee728b)
Start importing Assets/Prefabs/Item/Weapon/Epic.prefab using Guid(ac27e25cfe5160b4d8e2010d4b96167e) Importer(815301076,1909f56bfc062723c751e8b465ee728b)  -> (artifact id: 'f738a1803c60c2637e7d6baccf54d65d') in 0.005356 seconds
Number of updated asset objects reloaded before import = 0
Number of asset objects unloaded after import = 18
========================================================================
Received Import Request.
  Time since last request: 0.011529 seconds.
  path: Assets/Prefabs/Item/Weapon/Legend.prefab
  artifactKey: Guid(6a352154584301a44a91dcb2d238d857) Importer(815301076,1909f56bfc062723c751e8b465ee728b)
Start importing Assets/Prefabs/Item/Weapon/Legend.prefab using Guid(6a352154584301a44a91dcb2d238d857) Importer(815301076,1909f56bfc062723c751e8b465ee728b)  -> (artifact id: 'b51486773193dac5c99a2b9be941ad26') in 0.004704 seconds
Number of updated asset objects reloaded before import = 0
Number of asset objects unloaded after import = 18
========================================================================
Received Import Request.
  Time since last request: 0.000014 seconds.
  path: Assets/Prefabs/Item/Weapon/Rare.prefab
  artifactKey: Guid(369d68b3450adfc47b8af9049c83bcbe) Importer(815301076,1909f56bfc062723c751e8b465ee728b)
Start importing Assets/Prefabs/Item/Weapon/Rare.prefab using Guid(369d68b3450adfc47b8af9049c83bcbe) Importer(815301076,1909f56bfc062723c751e8b465ee728b)  -> (artifact id: '57d634972a749c01c63cf570c78beac0') in 0.003791 seconds
Number of updated asset objects reloaded before import = 0
Number of asset objects unloaded after import = 18
========================================================================
Received Import Request.
  Time since last request: 0.000025 seconds.
  path: Assets/Prefabs/Item/Weapon/Unique.prefab
  artifactKey: Guid(70a575c4e8a83ea4fad4a330099a614a) Importer(815301076,1909f56bfc062723c751e8b465ee728b)
Start importing Assets/Prefabs/Item/Weapon/Unique.prefab using Guid(70a575c4e8a83ea4fad4a330099a614a) Importer(815301076,1909f56bfc062723c751e8b465ee728b)  -> (artifact id: 'c3454297eb00d75b855e8b77e5a83375') in 0.004414 seconds
Number of updated asset objects reloaded before import = 0
Number of asset objects unloaded after import = 18
========================================================================
Received Import Request.
  Time since last request: 0.000022 seconds.
  path: Assets/Prefabs/Item/Weapon/Nomal.prefab
  artifactKey: Guid(9e2f7c47e0d13554491f09c1c2ec4e5b) Importer(815301076,1909f56bfc062723c751e8b465ee728b)
Start importing Assets/Prefabs/Item/Weapon/Nomal.prefab using Guid(9e2f7c47e0d13554491f09c1c2ec4e5b) Importer(815301076,1909f56bfc062723c751e8b465ee728b)  -> (artifact id: 'cab64cdde1f868f3b38a7b582725476e') in 0.004161 seconds
Number of updated asset objects reloaded before import = 0
Number of asset objects unloaded after import = 18
